{
  "stats": {
    "suites": 7,
    "tests": 27,
    "passes": 27,
    "pending": 0,
    "failures": 0,
    "start": "2023-10-10T05:40:43.961Z",
    "end": "2023-10-10T05:41:49.775Z",
    "duration": 65814,
    "testsRegistered": 27,
    "passPercent": 100,
    "pendingPercent": 0,
    "other": 0,
    "hasOther": false,
    "skipped": 0,
    "hasSkipped": false
  },
  "results": [
    {
      "uuid": "ad44d7db-b057-428c-bd97-faf23e3b0f4d",
      "title": "",
      "fullFile": "",
      "file": "",
      "beforeHooks": [
        {
          "title": "\"before all\" hook in \"{root}\"",
          "fullTitle": "\"before all\" hook in \"{root}\"",
          "timedOut": false,
          "duration": 0,
          "state": null,
          "speed": null,
          "pass": false,
          "fail": false,
          "pending": false,
          "context": null,
          "code": "global.driver = driver;",
          "err": {},
          "uuid": "33ff3ba1-5282-4065-9a0b-f651be92e1d7",
          "parentUUID": "ad44d7db-b057-428c-bd97-faf23e3b0f4d",
          "isHook": true,
          "skipped": false
        },
        {
          "title": "\"before all\" hook in \"{root}\"",
          "fullTitle": "\"before all\" hook in \"{root}\"",
          "timedOut": false,
          "duration": 0,
          "state": null,
          "speed": null,
          "pass": false,
          "fail": false,
          "pending": false,
          "context": null,
          "code": "global.driver = driver;",
          "err": {},
          "uuid": "3d5fecca-498f-4440-a4e2-b52bc6cbc8b7",
          "parentUUID": "ad44d7db-b057-428c-bd97-faf23e3b0f4d",
          "isHook": true,
          "skipped": false
        },
        {
          "title": "\"before all\" hook in \"{root}\"",
          "fullTitle": "\"before all\" hook in \"{root}\"",
          "timedOut": false,
          "duration": 0,
          "state": null,
          "speed": null,
          "pass": false,
          "fail": false,
          "pending": false,
          "context": null,
          "code": "global.driver = driver;",
          "err": {},
          "uuid": "77378643-78fc-46bf-8e6b-0d298ee2d434",
          "parentUUID": "ad44d7db-b057-428c-bd97-faf23e3b0f4d",
          "isHook": true,
          "skipped": false
        },
        {
          "title": "\"before all\" hook in \"{root}\"",
          "fullTitle": "\"before all\" hook in \"{root}\"",
          "timedOut": false,
          "duration": 0,
          "state": null,
          "speed": null,
          "pass": false,
          "fail": false,
          "pending": false,
          "context": null,
          "code": "global.driver = driver;",
          "err": {},
          "uuid": "3cae03cc-b76e-4a63-b4a5-4a71d11c8cec",
          "parentUUID": "ad44d7db-b057-428c-bd97-faf23e3b0f4d",
          "isHook": true,
          "skipped": false
        },
        {
          "title": "\"before all\" hook in \"{root}\"",
          "fullTitle": "\"before all\" hook in \"{root}\"",
          "timedOut": false,
          "duration": 0,
          "state": null,
          "speed": null,
          "pass": false,
          "fail": false,
          "pending": false,
          "context": null,
          "code": "global.driver = driver;",
          "err": {},
          "uuid": "b9a72dd4-9bd2-4c7c-9299-f4ab61749508",
          "parentUUID": "ad44d7db-b057-428c-bd97-faf23e3b0f4d",
          "isHook": true,
          "skipped": false
        },
        {
          "title": "\"before all\" hook in \"{root}\"",
          "fullTitle": "\"before all\" hook in \"{root}\"",
          "timedOut": false,
          "duration": 0,
          "state": null,
          "speed": null,
          "pass": false,
          "fail": false,
          "pending": false,
          "context": null,
          "code": "global.driver = driver;",
          "err": {},
          "uuid": "5c48484a-db01-4bba-adca-2e2e020762ee",
          "parentUUID": "ad44d7db-b057-428c-bd97-faf23e3b0f4d",
          "isHook": true,
          "skipped": false
        },
        {
          "title": "\"before all\" hook in \"{root}\"",
          "fullTitle": "\"before all\" hook in \"{root}\"",
          "timedOut": false,
          "duration": 0,
          "state": null,
          "speed": null,
          "pass": false,
          "fail": false,
          "pending": false,
          "context": null,
          "code": "global.driver = driver;",
          "err": {},
          "uuid": "5ffa8e36-3716-48d1-8811-4f9d1968b469",
          "parentUUID": "ad44d7db-b057-428c-bd97-faf23e3b0f4d",
          "isHook": true,
          "skipped": false
        }
      ],
      "afterHooks": [],
      "tests": [],
      "suites": [
        {
          "uuid": "0070bb6b-9002-405e-b5fd-0620062a05a5",
          "title": "Search product",
          "fullFile": "/Users/tomatudorvladimir/Programming/selenium-test/selenium/01.SearchAndNavigation.search.test.js",
          "file": "/selenium/01.SearchAndNavigation.search.test.js",
          "beforeHooks": [
            {
              "title": "\"before all\" hook in \"Search product\"",
              "fullTitle": "Search product \"before all\" hook in \"Search product\"",
              "timedOut": false,
              "duration": 3875,
              "state": null,
              "speed": null,
              "pass": false,
              "fail": false,
              "pending": false,
              "context": null,
              "code": "await driver.manage().setTimeouts({ implicit: 2000 });\nawait driver.manage().window().setRect({ width: 1920, height: 1080 });\nawait driver.get(\"https://www.amazon.com/\");\ntry {\n  await driver.findElement(By.id(\"nav-hamburger-menu\")).isDisplayed();\n} catch {\n  await driver.navigate().refresh();\n}",
              "err": {},
              "uuid": "94b51183-e96a-43af-aa00-6ae15f64108f",
              "parentUUID": "0070bb6b-9002-405e-b5fd-0620062a05a5",
              "isHook": true,
              "skipped": false
            }
          ],
          "afterHooks": [
            {
              "title": "\"after all\" hook in \"Search product\"",
              "fullTitle": "Search product \"after all\" hook in \"Search product\"",
              "timedOut": false,
              "duration": 57,
              "state": null,
              "speed": null,
              "pass": false,
              "fail": false,
              "pending": false,
              "context": null,
              "code": "await driver.quit();",
              "err": {},
              "uuid": "c7156e4f-0913-44ee-8c23-252b0c07d704",
              "parentUUID": "0070bb6b-9002-405e-b5fd-0620062a05a5",
              "isHook": true,
              "skipped": false
            }
          ],
          "tests": [
            {
              "title": "Should be able to see SearchBox and type 'laptop'",
              "fullTitle": "Search product Should be able to see SearchBox and type 'laptop'",
              "timedOut": false,
              "duration": 3752,
              "state": "passed",
              "speed": "medium",
              "pass": true,
              "fail": false,
              "pending": false,
              "context": null,
              "code": "const searchInput = await driver.findElement(By.id(\"twotabsearchtextbox\"));\nawait searchInput.sendKeys(\"laptop\");\nawait searchInput.sendKeys(\"\\n\");\nawait driver.sleep(1000);",
              "err": {},
              "uuid": "0dcc5f35-21cb-4dd4-a9fa-578fa169330b",
              "parentUUID": "0070bb6b-9002-405e-b5fd-0620062a05a5",
              "isHook": false,
              "skipped": false
            },
            {
              "title": "Should be able to see result section",
              "fullTitle": "Search product Should be able to see result section",
              "timedOut": false,
              "duration": 10,
              "state": "passed",
              "speed": "fast",
              "pass": true,
              "fail": false,
              "pending": false,
              "context": null,
              "code": "const searchResults = await driver.findElements(By.css(\".s-result-item\"));\nassert.isTrue(\n  searchResults.length > 0,\n  \"There is no results for searched term.\"\n);",
              "err": {},
              "uuid": "e9739e8b-e591-4c27-afe7-fbdef50aa0db",
              "parentUUID": "0070bb6b-9002-405e-b5fd-0620062a05a5",
              "isHook": false,
              "skipped": false
            }
          ],
          "suites": [],
          "passes": [
            "0dcc5f35-21cb-4dd4-a9fa-578fa169330b",
            "e9739e8b-e591-4c27-afe7-fbdef50aa0db"
          ],
          "failures": [],
          "pending": [],
          "skipped": [],
          "duration": 3762,
          "root": false,
          "rootEmpty": false,
          "_timeout": 25000
        },
        {
          "uuid": "d9d29eeb-c292-487a-93a4-423ddcf4a265",
          "title": "Apply Filters to search",
          "fullFile": "/Users/tomatudorvladimir/Programming/selenium-test/selenium/02.SearchAndNavigation.filterAndSorting.test.js",
          "file": "/selenium/02.SearchAndNavigation.filterAndSorting.test.js",
          "beforeHooks": [
            {
              "title": "\"before all\" hook in \"Apply Filters to search\"",
              "fullTitle": "Apply Filters to search \"before all\" hook in \"Apply Filters to search\"",
              "timedOut": false,
              "duration": 1510,
              "state": null,
              "speed": null,
              "pass": false,
              "fail": false,
              "pending": false,
              "context": null,
              "code": "await driver.manage().setTimeouts({ implicit: 2000 });\nawait driver.manage().window().setRect({ width: 1920, height: 1080 });\nawait driver.get(\"https://www.amazon.com/\");\ntry {\n  await driver.findElement(By.id(\"nav-hamburger-menu\")).isDisplayed();\n} catch {\n  await driver.navigate().refresh();\n}",
              "err": {},
              "uuid": "af7c4038-0821-4ede-a38f-9ce61217d6de",
              "parentUUID": "d9d29eeb-c292-487a-93a4-423ddcf4a265",
              "isHook": true,
              "skipped": false
            }
          ],
          "afterHooks": [
            {
              "title": "\"after all\" hook in \"Apply Filters to search\"",
              "fullTitle": "Apply Filters to search \"after all\" hook in \"Apply Filters to search\"",
              "timedOut": false,
              "duration": 54,
              "state": null,
              "speed": null,
              "pass": false,
              "fail": false,
              "pending": false,
              "context": null,
              "code": "await driver.quit();",
              "err": {},
              "uuid": "60356142-84ec-49a8-9f91-647984898591",
              "parentUUID": "d9d29eeb-c292-487a-93a4-423ddcf4a265",
              "isHook": true,
              "skipped": false
            }
          ],
          "tests": [
            {
              "title": "Should be able to see SearchBox and type 'laptop'",
              "fullTitle": "Apply Filters to search Should be able to see SearchBox and type 'laptop'",
              "timedOut": false,
              "duration": 2990,
              "state": "passed",
              "speed": "fast",
              "pass": true,
              "fail": false,
              "pending": false,
              "context": null,
              "code": "const searchInput = await driver.findElement(By.id(\"twotabsearchtextbox\"));\nawait searchInput.sendKeys(\"laptop\");\nawait searchInput.sendKeys(\"\\n\");\nawait driver.sleep(1000);",
              "err": {},
              "uuid": "273694ff-7cfc-44e4-9e04-6324b56d121f",
              "parentUUID": "d9d29eeb-c292-487a-93a4-423ddcf4a265",
              "isHook": false,
              "skipped": false
            },
            {
              "title": "Should be able to see result section",
              "fullTitle": "Apply Filters to search Should be able to see result section",
              "timedOut": false,
              "duration": 1008,
              "state": "passed",
              "speed": "fast",
              "pass": true,
              "fail": false,
              "pending": false,
              "context": null,
              "code": "const searchResults = await driver.findElements(By.css(\".s-result-item\"));\nassert.isTrue(\n  searchResults.length > 0,\n  \"There is no results for searched term.\"\n);\nawait driver.sleep(1000);",
              "err": {},
              "uuid": "0695f09a-809c-40e7-bc6a-039d557187d9",
              "parentUUID": "d9d29eeb-c292-487a-93a4-423ddcf4a265",
              "isHook": false,
              "skipped": false
            },
            {
              "title": "Should be able to select HP from filters",
              "fullTitle": "Apply Filters to search Should be able to select HP from filters",
              "timedOut": false,
              "duration": 3616,
              "state": "passed",
              "speed": "medium",
              "pass": true,
              "fail": false,
              "pending": false,
              "context": null,
              "code": "await driver\n  .findElement(By.xpath('//*[@id=\"p_89/HP\"]/span/a/span'))\n  .click();\nawait driver.sleep(1000);",
              "err": {},
              "uuid": "a0176447-bf1e-4187-8113-c53e0b02930f",
              "parentUUID": "d9d29eeb-c292-487a-93a4-423ddcf4a265",
              "isHook": false,
              "skipped": false
            },
            {
              "title": "Should be able to select any price range",
              "fullTitle": "Apply Filters to search Should be able to select any price range",
              "timedOut": false,
              "duration": 2726,
              "state": "passed",
              "speed": "fast",
              "pass": true,
              "fail": false,
              "pending": false,
              "context": null,
              "code": "await driver\n  .findElement(By.xpath('//*[@id=\"p_36/1253507011\"]/span/a/span'))\n  .click();\nawait driver.sleep(1000);",
              "err": {},
              "uuid": "62022b6c-5e12-4da1-b6fe-5cebfe3613db",
              "parentUUID": "d9d29eeb-c292-487a-93a4-423ddcf4a265",
              "isHook": false,
              "skipped": false
            },
            {
              "title": "Should be able to press on screen size",
              "fullTitle": "Apply Filters to search Should be able to press on screen size",
              "timedOut": false,
              "duration": 3352,
              "state": "passed",
              "speed": "medium",
              "pass": true,
              "fail": false,
              "pending": false,
              "context": null,
              "code": "await driver\n  .findElement(\n    By.xpath('//*[@id=\"p_n_size_browse-bin/2423841011\"]/span/a/span')\n  )\n  .click();\nawait driver.sleep(1000);",
              "err": {},
              "uuid": "22beed42-e15e-4ee3-8516-cd63dbd5dfc6",
              "parentUUID": "d9d29eeb-c292-487a-93a4-423ddcf4a265",
              "isHook": false,
              "skipped": false
            }
          ],
          "suites": [],
          "passes": [
            "273694ff-7cfc-44e4-9e04-6324b56d121f",
            "0695f09a-809c-40e7-bc6a-039d557187d9",
            "a0176447-bf1e-4187-8113-c53e0b02930f",
            "62022b6c-5e12-4da1-b6fe-5cebfe3613db",
            "22beed42-e15e-4ee3-8516-cd63dbd5dfc6"
          ],
          "failures": [],
          "pending": [],
          "skipped": [],
          "duration": 13692,
          "root": false,
          "rootEmpty": false,
          "_timeout": 25000
        },
        {
          "uuid": "d15cba24-561d-4bd8-9eb9-99bc93f9c66d",
          "title": "Create Account",
          "fullFile": "/Users/tomatudorvladimir/Programming/selenium-test/selenium/03.AccountManagement.createAccount.test.js",
          "file": "/selenium/03.AccountManagement.createAccount.test.js",
          "beforeHooks": [
            {
              "title": "\"before all\" hook in \"Create Account\"",
              "fullTitle": "Create Account \"before all\" hook in \"Create Account\"",
              "timedOut": false,
              "duration": 1713,
              "state": null,
              "speed": null,
              "pass": false,
              "fail": false,
              "pending": false,
              "context": null,
              "code": "await driver.manage().setTimeouts({ implicit: 2000 });\nawait driver.manage().window().setRect({ width: 1920, height: 1080 });\nawait driver.get(\"https://www.amazon.com/\");\ntry {\n  await driver.findElement(By.id(\"nav-hamburger-menu\")).isDisplayed();\n} catch {\n  await driver.navigate().refresh();\n}",
              "err": {},
              "uuid": "29a68bb5-a630-46fe-bf1b-7e00ba60bf70",
              "parentUUID": "d15cba24-561d-4bd8-9eb9-99bc93f9c66d",
              "isHook": true,
              "skipped": false
            }
          ],
          "afterHooks": [
            {
              "title": "\"after all\" hook in \"Create Account\"",
              "fullTitle": "Create Account \"after all\" hook in \"Create Account\"",
              "timedOut": false,
              "duration": 56,
              "state": null,
              "speed": null,
              "pass": false,
              "fail": false,
              "pending": false,
              "context": null,
              "code": "await driver.quit();",
              "err": {},
              "uuid": "39aa378f-7b1c-4b97-ab52-5933818619a7",
              "parentUUID": "d15cba24-561d-4bd8-9eb9-99bc93f9c66d",
              "isHook": true,
              "skipped": false
            }
          ],
          "tests": [
            {
              "title": "Should be able to press on sign in",
              "fullTitle": "Create Account Should be able to press on sign in",
              "timedOut": false,
              "duration": 1760,
              "state": "passed",
              "speed": "fast",
              "pass": true,
              "fail": false,
              "pending": false,
              "context": null,
              "code": "await driver.findElement(By.id(\"nav-link-accountList\")).click();\nawait driver.sleep(1000);",
              "err": {},
              "uuid": "d2bd84d8-82f7-4dcc-974b-fc304979517e",
              "parentUUID": "d15cba24-561d-4bd8-9eb9-99bc93f9c66d",
              "isHook": false,
              "skipped": false
            },
            {
              "title": "Should be able to press on create account",
              "fullTitle": "Create Account Should be able to press on create account",
              "timedOut": false,
              "duration": 407,
              "state": "passed",
              "speed": "fast",
              "pass": true,
              "fail": false,
              "pending": false,
              "context": null,
              "code": "await driver.findElement(By.id(\"createAccountSubmit\")).click();\nawait driver.sleep();",
              "err": {},
              "uuid": "755347dc-2811-4a72-ad72-320f7a7c6e0e",
              "parentUUID": "d15cba24-561d-4bd8-9eb9-99bc93f9c66d",
              "isHook": false,
              "skipped": false
            },
            {
              "title": "Should be able to type name",
              "fullTitle": "Create Account Should be able to type name",
              "timedOut": false,
              "duration": 68,
              "state": "passed",
              "speed": "fast",
              "pass": true,
              "fail": false,
              "pending": false,
              "context": null,
              "code": "await driver.findElement(By.id(\"ap_customer_name\")).sendKeys(\"John Doe\");",
              "err": {},
              "uuid": "ededf902-cf90-43ac-8da4-5cb341ba0607",
              "parentUUID": "d15cba24-561d-4bd8-9eb9-99bc93f9c66d",
              "isHook": false,
              "skipped": false
            },
            {
              "title": "Should be able to type email",
              "fullTitle": "Create Account Should be able to type email",
              "timedOut": false,
              "duration": 29,
              "state": "passed",
              "speed": "fast",
              "pass": true,
              "fail": false,
              "pending": false,
              "context": null,
              "code": "await driver\n  .findElement(By.id(\"ap_email\"))\n  .sendKeys(\"John.Doe@example.com\");",
              "err": {},
              "uuid": "a08ac1f8-87a1-42a2-8d38-694096af2900",
              "parentUUID": "d15cba24-561d-4bd8-9eb9-99bc93f9c66d",
              "isHook": false,
              "skipped": false
            },
            {
              "title": "Should be able to type password",
              "fullTitle": "Create Account Should be able to type password",
              "timedOut": false,
              "duration": 29,
              "state": "passed",
              "speed": "fast",
              "pass": true,
              "fail": false,
              "pending": false,
              "context": null,
              "code": "await driver.findElement(By.id(\"ap_password\")).sendKeys(\"JohnDoe@12\");",
              "err": {},
              "uuid": "85edc44d-b737-4168-8a2a-7a9a430401b1",
              "parentUUID": "d15cba24-561d-4bd8-9eb9-99bc93f9c66d",
              "isHook": false,
              "skipped": false
            },
            {
              "title": "Should be able to re-type password",
              "fullTitle": "Create Account Should be able to re-type password",
              "timedOut": false,
              "duration": 25,
              "state": "passed",
              "speed": "fast",
              "pass": true,
              "fail": false,
              "pending": false,
              "context": null,
              "code": "await driver.findElement(By.id(\"ap_password_check\")).sendKeys(\"JohnDoe@12\");",
              "err": {},
              "uuid": "54cbaf87-9af7-42db-896f-8f0386a0d0ea",
              "parentUUID": "d15cba24-561d-4bd8-9eb9-99bc93f9c66d",
              "isHook": false,
              "skipped": false
            },
            {
              "title": "Should be able to press on continue",
              "fullTitle": "Create Account Should be able to press on continue",
              "timedOut": false,
              "duration": 607,
              "state": "passed",
              "speed": "fast",
              "pass": true,
              "fail": false,
              "pending": false,
              "context": null,
              "code": "await driver.findElement(By.id(\"continue\")).click();",
              "err": {},
              "uuid": "61ce9d76-c036-428a-b555-afabe060806c",
              "parentUUID": "d15cba24-561d-4bd8-9eb9-99bc93f9c66d",
              "isHook": false,
              "skipped": false
            },
            {
              "title": "Should be able to see already an account with this email.",
              "fullTitle": "Create Account Should be able to see already an account with this email.",
              "timedOut": false,
              "duration": 15,
              "state": "passed",
              "speed": "fast",
              "pass": true,
              "fail": false,
              "pending": false,
              "context": null,
              "code": "await driver\n  .findElement(By.xpath('//*[@id=\"register-mase-inlineerror\"]/div/div'))\n  .isDisplayed();",
              "err": {},
              "uuid": "d0733c85-0488-4d65-bccb-29f3ea19777c",
              "parentUUID": "d15cba24-561d-4bd8-9eb9-99bc93f9c66d",
              "isHook": false,
              "skipped": false
            }
          ],
          "suites": [],
          "passes": [
            "d2bd84d8-82f7-4dcc-974b-fc304979517e",
            "755347dc-2811-4a72-ad72-320f7a7c6e0e",
            "ededf902-cf90-43ac-8da4-5cb341ba0607",
            "a08ac1f8-87a1-42a2-8d38-694096af2900",
            "85edc44d-b737-4168-8a2a-7a9a430401b1",
            "54cbaf87-9af7-42db-896f-8f0386a0d0ea",
            "61ce9d76-c036-428a-b555-afabe060806c",
            "d0733c85-0488-4d65-bccb-29f3ea19777c"
          ],
          "failures": [],
          "pending": [],
          "skipped": [],
          "duration": 2940,
          "root": false,
          "rootEmpty": false,
          "_timeout": 25000
        },
        {
          "uuid": "69d23d73-a59a-4b38-8406-7b7b8f0a9692",
          "title": "Sign In",
          "fullFile": "/Users/tomatudorvladimir/Programming/selenium-test/selenium/04.AccountManagement.signIn.test.js",
          "file": "/selenium/04.AccountManagement.signIn.test.js",
          "beforeHooks": [
            {
              "title": "\"before all\" hook in \"Sign In\"",
              "fullTitle": "Sign In \"before all\" hook in \"Sign In\"",
              "timedOut": false,
              "duration": 1549,
              "state": null,
              "speed": null,
              "pass": false,
              "fail": false,
              "pending": false,
              "context": null,
              "code": "await driver.manage().setTimeouts({ implicit: 2000 });\nawait driver.manage().window().setRect({ width: 1920, height: 1080 });\nawait driver.get(\"https://www.amazon.com/\");\ntry {\n  await driver.findElement(By.id(\"nav-hamburger-menu\")).isDisplayed();\n} catch {\n  await driver.navigate().refresh();\n}",
              "err": {},
              "uuid": "bdf46071-192d-447d-b35c-668bcf1bed75",
              "parentUUID": "69d23d73-a59a-4b38-8406-7b7b8f0a9692",
              "isHook": true,
              "skipped": false
            }
          ],
          "afterHooks": [
            {
              "title": "\"after all\" hook in \"Sign In\"",
              "fullTitle": "Sign In \"after all\" hook in \"Sign In\"",
              "timedOut": false,
              "duration": 55,
              "state": null,
              "speed": null,
              "pass": false,
              "fail": false,
              "pending": false,
              "context": null,
              "code": "await driver.quit();",
              "err": {},
              "uuid": "59216920-10aa-48b8-9ee3-2ed0c92af8ee",
              "parentUUID": "69d23d73-a59a-4b38-8406-7b7b8f0a9692",
              "isHook": true,
              "skipped": false
            }
          ],
          "tests": [
            {
              "title": "Should be able to press on sign in",
              "fullTitle": "Sign In Should be able to press on sign in",
              "timedOut": false,
              "duration": 1513,
              "state": "passed",
              "speed": "fast",
              "pass": true,
              "fail": false,
              "pending": false,
              "context": null,
              "code": "await driver.findElement(By.id(\"nav-link-accountList\")).click();\nawait driver.sleep(1000);",
              "err": {},
              "uuid": "010934c4-7a77-44a5-8d9c-b6d5eb660612",
              "parentUUID": "69d23d73-a59a-4b38-8406-7b7b8f0a9692",
              "isHook": false,
              "skipped": false
            },
            {
              "title": "Should be able to type email",
              "fullTitle": "Sign In Should be able to type email",
              "timedOut": false,
              "duration": 98,
              "state": "passed",
              "speed": "fast",
              "pass": true,
              "fail": false,
              "pending": false,
              "context": null,
              "code": "await driver\n  .findElement(By.id(\"ap_email\"))\n  .sendKeys(\"John.Doe@example.com\");",
              "err": {},
              "uuid": "5f430db1-24ef-43c1-8b32-cfa5c9816581",
              "parentUUID": "69d23d73-a59a-4b38-8406-7b7b8f0a9692",
              "isHook": false,
              "skipped": false
            },
            {
              "title": "Should be able to click continue",
              "fullTitle": "Sign In Should be able to click continue",
              "timedOut": false,
              "duration": 6,
              "state": "passed",
              "speed": "fast",
              "pass": true,
              "fail": false,
              "pending": false,
              "context": null,
              "code": "await driver.findElement(By.id(\"continue\"));",
              "err": {},
              "uuid": "41b8a537-c9e2-4ac7-a5cd-101d8ab8d456",
              "parentUUID": "69d23d73-a59a-4b38-8406-7b7b8f0a9692",
              "isHook": false,
              "skipped": false
            }
          ],
          "suites": [],
          "passes": [
            "010934c4-7a77-44a5-8d9c-b6d5eb660612",
            "5f430db1-24ef-43c1-8b32-cfa5c9816581",
            "41b8a537-c9e2-4ac7-a5cd-101d8ab8d456"
          ],
          "failures": [],
          "pending": [],
          "skipped": [],
          "duration": 1617,
          "root": false,
          "rootEmpty": false,
          "_timeout": 25000
        },
        {
          "uuid": "de66907c-6ab2-4258-a8ef-a4dc5d838d86",
          "title": "Shopping Cart",
          "fullFile": "/Users/tomatudorvladimir/Programming/selenium-test/selenium/05.ShoppingCart.test.js",
          "file": "/selenium/05.ShoppingCart.test.js",
          "beforeHooks": [
            {
              "title": "\"before all\" hook in \"Shopping Cart\"",
              "fullTitle": "Shopping Cart \"before all\" hook in \"Shopping Cart\"",
              "timedOut": false,
              "duration": 4167,
              "state": null,
              "speed": null,
              "pass": false,
              "fail": false,
              "pending": false,
              "context": null,
              "code": "await driver.manage().setTimeouts({ implicit: 2000 });\nawait driver.manage().window().setRect({ width: 1920, height: 1080 });\nawait driver.get(\n  \"https://www.amazon.com/N2-Pro-Infrared-1920x1080P-2560x1440P/dp/B0742J69SQ/ref=sr_1_76?qid=1696331801&s=electronics&sr=1-76\"\n);\ntry {\n  await driver.findElement(By.id(\"nav-hamburger-menu\")).isDisplayed();\n} catch {\n  await driver.navigate().refresh();\n}",
              "err": {},
              "uuid": "5ca12dc1-7b30-477e-a36a-0f1e74330955",
              "parentUUID": "de66907c-6ab2-4258-a8ef-a4dc5d838d86",
              "isHook": true,
              "skipped": false
            }
          ],
          "afterHooks": [
            {
              "title": "\"after all\" hook in \"Shopping Cart\"",
              "fullTitle": "Shopping Cart \"after all\" hook in \"Shopping Cart\"",
              "timedOut": false,
              "duration": 56,
              "state": null,
              "speed": null,
              "pass": false,
              "fail": false,
              "pending": false,
              "context": null,
              "code": "await driver.quit();",
              "err": {},
              "uuid": "ba1d7af5-d86b-4843-b3ef-960ab5930763",
              "parentUUID": "de66907c-6ab2-4258-a8ef-a4dc5d838d86",
              "isHook": true,
              "skipped": false
            }
          ],
          "tests": [
            {
              "title": "Should be able to add product to cart",
              "fullTitle": "Shopping Cart Should be able to add product to cart",
              "timedOut": false,
              "duration": 1258,
              "state": "passed",
              "speed": "fast",
              "pass": true,
              "fail": false,
              "pending": false,
              "context": null,
              "code": "await driver.findElement(By.id(\"add-to-cart-button\")).click();",
              "err": {},
              "uuid": "24059cac-2a9a-4366-a077-6edc38eb7062",
              "parentUUID": "de66907c-6ab2-4258-a8ef-a4dc5d838d86",
              "isHook": false,
              "skipped": false
            },
            {
              "title": "Should be able to open cart",
              "fullTitle": "Shopping Cart Should be able to open cart",
              "timedOut": false,
              "duration": 1479,
              "state": "passed",
              "speed": "fast",
              "pass": true,
              "fail": false,
              "pending": false,
              "context": null,
              "code": "await driver.sleep(500);\nawait driver.findElement(By.id(\"nav-cart-count\")).click();\nconst divElements = await driver.findElements(By.css(\"div[data-itemid]\"));\nconst dataItemId = await divElements[0].getAttribute(\"data-itemid\");\nawait driver.findElement(By.name(`submit.delete.${dataItemId}`)).click();",
              "err": {},
              "uuid": "faf40f74-46aa-4e9d-9456-1196c6d3b245",
              "parentUUID": "de66907c-6ab2-4258-a8ef-a4dc5d838d86",
              "isHook": false,
              "skipped": false
            },
            {
              "title": "Should be able to add multiple products to cart",
              "fullTitle": "Shopping Cart Should be able to add multiple products to cart",
              "timedOut": false,
              "duration": 15704,
              "state": "passed",
              "speed": "slow",
              "pass": true,
              "fail": false,
              "pending": false,
              "context": null,
              "code": "await driver.get(\n  \"https://www.amazon.com/Keychron-Wireless-Bluetooth-Mechanical-Keyboard/dp/B07Y9Y69N7/ref=sr_1_3?crid=1TY0NSD0X7C90&keywords=keychron&qid=1696332759&sprefix=keychron%2Caps%2C194&sr=8-3&th=1\"\n);\nawait driver.findElement(By.id(\"add-to-cart-button\")).click();\nawait driver.get(\n  \"https://www.amazon.com/Keychron-Wireless-Mechanical-Hot-Swappable-Programmable/dp/B0BHVKJF7R/ref=sr_1_4?crid=1TY0NSD0X7C90&keywords=keychron&qid=1696332759&sprefix=keychron%2Caps%2C194&sr=8-4\"\n);\nawait driver.findElement(By.id(\"add-to-cart-button\")).click();\nawait driver.get(\n  \"https://www.amazon.com/Keychron-Gasket-Keyboard-Mechanical-Windows/dp/B0CBWJ9SKX/ref=sr_1_5?crid=1TY0NSD0X7C90&keywords=keychron&qid=1696332759&sprefix=keychron%2Caps%2C194&sr=8-5&th=1\"\n);\nawait driver.findElement(By.id(\"add-to-cart-button\")).click();",
              "err": {},
              "uuid": "cdc5a78f-0b6b-48ce-8bbc-2b4b75fa6204",
              "parentUUID": "de66907c-6ab2-4258-a8ef-a4dc5d838d86",
              "isHook": false,
              "skipped": false
            },
            {
              "title": "Cart should contain 3 products",
              "fullTitle": "Shopping Cart Cart should contain 3 products",
              "timedOut": false,
              "duration": 1006,
              "state": "passed",
              "speed": "fast",
              "pass": true,
              "fail": false,
              "pending": false,
              "context": null,
              "code": "await driver.findElement(By.id(\"nav-cart-count\")).click();\nconst productCount = await driver.executeScript(\n  'return document.getElementsByClassName(\"sc-product-title\").length'\n);\nassert.strictEqual(productCount, 3, \"Expected 3 products in the cart\");",
              "err": {},
              "uuid": "3f4a5547-3c72-4b76-b371-f95e9fa7ef3b",
              "parentUUID": "de66907c-6ab2-4258-a8ef-a4dc5d838d86",
              "isHook": false,
              "skipped": false
            }
          ],
          "suites": [],
          "passes": [
            "24059cac-2a9a-4366-a077-6edc38eb7062",
            "faf40f74-46aa-4e9d-9456-1196c6d3b245",
            "cdc5a78f-0b6b-48ce-8bbc-2b4b75fa6204",
            "3f4a5547-3c72-4b76-b371-f95e9fa7ef3b"
          ],
          "failures": [],
          "pending": [],
          "skipped": [],
          "duration": 19447,
          "root": false,
          "rootEmpty": false,
          "_timeout": 25000
        },
        {
          "uuid": "817308ad-975c-4af1-bff3-275107c9512c",
          "title": "Order process",
          "fullFile": "/Users/tomatudorvladimir/Programming/selenium-test/selenium/06.OrderProcess.test.js",
          "file": "/selenium/06.OrderProcess.test.js",
          "beforeHooks": [
            {
              "title": "\"before all\" hook in \"Order process\"",
              "fullTitle": "Order process \"before all\" hook in \"Order process\"",
              "timedOut": false,
              "duration": 3841,
              "state": null,
              "speed": null,
              "pass": false,
              "fail": false,
              "pending": false,
              "context": null,
              "code": "await driver.manage().setTimeouts({ implicit: 2000 });\nawait driver.manage().window().setRect({ width: 1920, height: 1080 });\nawait driver.get(\n  \"https://www.amazon.com/Keychron-Wireless-Bluetooth-Mechanical-Keyboard/dp/B07Y9Y69N7/ref=sr_1_3?crid=53IJD81OCJK3&keywords=keychron&qid=1696338116&sprefix=keychron%2Caps%2C231&sr=8-3\"\n);\ntry {\n  await driver.findElement(By.id(\"nav-hamburger-menu\")).isDisplayed();\n} catch {\n  await driver.navigate().refresh();\n}",
              "err": {},
              "uuid": "198b32bf-06c8-484f-85bf-59802814a5d5",
              "parentUUID": "817308ad-975c-4af1-bff3-275107c9512c",
              "isHook": true,
              "skipped": false
            }
          ],
          "afterHooks": [
            {
              "title": "\"after all\" hook in \"Order process\"",
              "fullTitle": "Order process \"after all\" hook in \"Order process\"",
              "timedOut": false,
              "duration": 52,
              "state": null,
              "speed": null,
              "pass": false,
              "fail": false,
              "pending": false,
              "context": null,
              "code": "await driver.quit();",
              "err": {},
              "uuid": "a030ce8a-3d3c-42bf-9bef-9ea05e790a67",
              "parentUUID": "817308ad-975c-4af1-bff3-275107c9512c",
              "isHook": true,
              "skipped": false
            }
          ],
          "tests": [
            {
              "title": "Should be able to add item to cart",
              "fullTitle": "Order process Should be able to add item to cart",
              "timedOut": false,
              "duration": 1209,
              "state": "passed",
              "speed": "fast",
              "pass": true,
              "fail": false,
              "pending": false,
              "context": null,
              "code": "const addButton = driver.findElement(By.id(\"add-to-cart-button\"));\nawait addButton.click();",
              "err": {},
              "uuid": "43033e6a-198c-4281-9a7d-75d6a03e7029",
              "parentUUID": "817308ad-975c-4af1-bff3-275107c9512c",
              "isHook": false,
              "skipped": false
            },
            {
              "title": "Should be able to press on checkout button",
              "fullTitle": "Order process Should be able to press on checkout button",
              "timedOut": false,
              "duration": 1246,
              "state": "passed",
              "speed": "fast",
              "pass": true,
              "fail": false,
              "pending": false,
              "context": null,
              "code": "const checkOutB = await driver.findElement(\n  By.name(\"proceedToRetailCheckout\")\n);\nawait checkOutB.click();",
              "err": {},
              "uuid": "ee3e102f-cb95-48f5-ba12-213511a2ddbd",
              "parentUUID": "817308ad-975c-4af1-bff3-275107c9512c",
              "isHook": false,
              "skipped": false
            },
            {
              "title": "Should be able to type email",
              "fullTitle": "Order process Should be able to type email",
              "timedOut": false,
              "duration": 90,
              "state": "passed",
              "speed": "fast",
              "pass": true,
              "fail": false,
              "pending": false,
              "context": null,
              "code": "const emailInput = await driver.findElement(By.id(\"ap_email\"));\nawait emailInput.sendKeys(\"John.Doe@example.com\");",
              "err": {},
              "uuid": "5038d6f4-5ff3-41c4-9190-8ac3705caba1",
              "parentUUID": "817308ad-975c-4af1-bff3-275107c9512c",
              "isHook": false,
              "skipped": false
            },
            {
              "title": "Should be able to tap on continue",
              "fullTitle": "Order process Should be able to tap on continue",
              "timedOut": false,
              "duration": 813,
              "state": "passed",
              "speed": "fast",
              "pass": true,
              "fail": false,
              "pending": false,
              "context": null,
              "code": "const continueB = await driver.findElement(By.id(\"continue\"));\nawait continueB.click();",
              "err": {},
              "uuid": "2dae9765-77dd-446c-91b4-7889d0ceb73f",
              "parentUUID": "817308ad-975c-4af1-bff3-275107c9512c",
              "isHook": false,
              "skipped": false
            }
          ],
          "suites": [],
          "passes": [
            "43033e6a-198c-4281-9a7d-75d6a03e7029",
            "ee3e102f-cb95-48f5-ba12-213511a2ddbd",
            "5038d6f4-5ff3-41c4-9190-8ac3705caba1",
            "2dae9765-77dd-446c-91b4-7889d0ceb73f"
          ],
          "failures": [],
          "pending": [],
          "skipped": [],
          "duration": 3358,
          "root": false,
          "rootEmpty": false,
          "_timeout": 25000
        },
        {
          "uuid": "efde72ee-7669-4d86-b664-836fe0d26f71",
          "title": "Reviews",
          "fullFile": "/Users/tomatudorvladimir/Programming/selenium-test/selenium/07.Review.test.js",
          "file": "/selenium/07.Review.test.js",
          "beforeHooks": [
            {
              "title": "\"before all\" hook in \"Reviews\"",
              "fullTitle": "Reviews \"before all\" hook in \"Reviews\"",
              "timedOut": false,
              "duration": 3800,
              "state": null,
              "speed": null,
              "pass": false,
              "fail": false,
              "pending": false,
              "context": null,
              "code": "await driver.manage().setTimeouts({ implicit: 2000 });\nawait driver.manage().window().setRect({ width: 1920, height: 1080 });\nawait driver.get(\n  \"https://www.amazon.com/Keychron-Wireless-Bluetooth-Mechanical-Keyboard/dp/B07Y9Y69N7/ref=sr_1_3?crid=3VE26ZVBWYURZ&keywords=keychron&qid=1696339413&sprefix=keycron%2Caps%2C231&sr=8-3&th=1\"\n);\ntry {\n  await driver.findElement(By.id(\"nav-hamburger-menu\")).isDisplayed();\n} catch {\n  await driver.navigate().refresh();\n}",
              "err": {},
              "uuid": "5b91ce1b-26ad-4017-aa6b-e6a37ef84da4",
              "parentUUID": "efde72ee-7669-4d86-b664-836fe0d26f71",
              "isHook": true,
              "skipped": false
            }
          ],
          "afterHooks": [
            {
              "title": "\"after all\" hook in \"Reviews\"",
              "fullTitle": "Reviews \"after all\" hook in \"Reviews\"",
              "timedOut": false,
              "duration": 55,
              "state": null,
              "speed": null,
              "pass": false,
              "fail": false,
              "pending": false,
              "context": null,
              "code": "await driver.quit();",
              "err": {},
              "uuid": "17a8f3e3-5a78-4551-99e4-c8c723647fb0",
              "parentUUID": "efde72ee-7669-4d86-b664-836fe0d26f71",
              "isHook": true,
              "skipped": false
            }
          ],
          "tests": [
            {
              "title": "Should be able to see reviews cards",
              "fullTitle": "Reviews Should be able to see reviews cards",
              "timedOut": false,
              "duration": 141,
              "state": "passed",
              "speed": "fast",
              "pass": true,
              "fail": false,
              "pending": false,
              "context": null,
              "code": "const elements = await driver.findElements(\n  By.css('div[data-hook=\"review\"]')\n);\nfor (const element of elements) {\n  const elementId = await element.getAttribute(\"id\");\n  const review = await driver.findElement(\n    By.id(`${elementId}-review-card`)\n  );\n  await review.isDisplayed();\n}",
              "err": {},
              "uuid": "f6392731-01c6-464c-b357-0b99cad1dbde",
              "parentUUID": "efde72ee-7669-4d86-b664-836fe0d26f71",
              "isHook": false,
              "skipped": false
            }
          ],
          "suites": [],
          "passes": [
            "f6392731-01c6-464c-b357-0b99cad1dbde"
          ],
          "failures": [],
          "pending": [],
          "skipped": [],
          "duration": 141,
          "root": false,
          "rootEmpty": false,
          "_timeout": 25000
        }
      ],
      "passes": [],
      "failures": [],
      "pending": [],
      "skipped": [],
      "duration": 0,
      "root": true,
      "rootEmpty": true,
      "_timeout": 25000
    }
  ],
  "meta": {
    "mocha": {
      "version": "10.2.0"
    },
    "mochawesome": {
      "options": {
        "quiet": false,
        "reportFilename": "mochawesome",
        "saveHtml": true,
        "saveJson": true,
        "consoleReporter": "spec",
        "useInlineDiffs": false,
        "code": true
      },
      "version": "7.1.3"
    },
    "marge": {
      "options": {
        "[object Object]": true
      },
      "version": "6.2.0"
    }
  }
}