{
  "stats": {
    "suites": 7,
    "tests": 27,
    "passes": 24,
    "pending": 0,
    "failures": 3,
    "start": "2023-10-16T07:03:20.852Z",
    "end": "2023-10-16T07:04:47.074Z",
    "duration": 86222,
    "testsRegistered": 27,
    "passPercent": 88.88888888888889,
    "pendingPercent": 0,
    "other": 0,
    "hasOther": false,
    "skipped": 0,
    "hasSkipped": false
  },
  "results": [
    {
      "uuid": "42660cc5-b7ee-4ca3-844e-0042007ef7db",
      "title": "",
      "fullFile": "",
      "file": "",
      "beforeHooks": [
        {
          "title": "\"before all\" hook in \"{root}\"",
          "fullTitle": "\"before all\" hook in \"{root}\"",
          "timedOut": false,
          "duration": 0,
          "state": null,
          "speed": null,
          "pass": false,
          "fail": false,
          "pending": false,
          "context": null,
          "code": "global.driver = driver;",
          "err": {},
          "uuid": "68bcfdaa-5ed5-40a7-8225-4cc652643583",
          "parentUUID": "42660cc5-b7ee-4ca3-844e-0042007ef7db",
          "isHook": true,
          "skipped": false
        },
        {
          "title": "\"before all\" hook in \"{root}\"",
          "fullTitle": "\"before all\" hook in \"{root}\"",
          "timedOut": false,
          "duration": 0,
          "state": null,
          "speed": null,
          "pass": false,
          "fail": false,
          "pending": false,
          "context": null,
          "code": "global.driver = driver;",
          "err": {},
          "uuid": "89d546f1-b223-4e3f-a18c-505b800b99eb",
          "parentUUID": "42660cc5-b7ee-4ca3-844e-0042007ef7db",
          "isHook": true,
          "skipped": false
        },
        {
          "title": "\"before all\" hook in \"{root}\"",
          "fullTitle": "\"before all\" hook in \"{root}\"",
          "timedOut": false,
          "duration": 0,
          "state": null,
          "speed": null,
          "pass": false,
          "fail": false,
          "pending": false,
          "context": null,
          "code": "global.driver = driver;",
          "err": {},
          "uuid": "974fa730-2fb3-44f4-9187-1eb1c5f3a503",
          "parentUUID": "42660cc5-b7ee-4ca3-844e-0042007ef7db",
          "isHook": true,
          "skipped": false
        },
        {
          "title": "\"before all\" hook in \"{root}\"",
          "fullTitle": "\"before all\" hook in \"{root}\"",
          "timedOut": false,
          "duration": 0,
          "state": null,
          "speed": null,
          "pass": false,
          "fail": false,
          "pending": false,
          "context": null,
          "code": "global.driver = driver;",
          "err": {},
          "uuid": "864c9b11-110f-4987-91e9-cd337c662e1f",
          "parentUUID": "42660cc5-b7ee-4ca3-844e-0042007ef7db",
          "isHook": true,
          "skipped": false
        },
        {
          "title": "\"before all\" hook in \"{root}\"",
          "fullTitle": "\"before all\" hook in \"{root}\"",
          "timedOut": false,
          "duration": 0,
          "state": null,
          "speed": null,
          "pass": false,
          "fail": false,
          "pending": false,
          "context": null,
          "code": "global.driver = driver;",
          "err": {},
          "uuid": "ae0502c5-2e5f-493f-9c58-02beaa94b579",
          "parentUUID": "42660cc5-b7ee-4ca3-844e-0042007ef7db",
          "isHook": true,
          "skipped": false
        },
        {
          "title": "\"before all\" hook in \"{root}\"",
          "fullTitle": "\"before all\" hook in \"{root}\"",
          "timedOut": false,
          "duration": 0,
          "state": null,
          "speed": null,
          "pass": false,
          "fail": false,
          "pending": false,
          "context": null,
          "code": "global.driver = driver;",
          "err": {},
          "uuid": "2b26bd71-3eb7-4ecf-8a3c-5ee058d9cbcd",
          "parentUUID": "42660cc5-b7ee-4ca3-844e-0042007ef7db",
          "isHook": true,
          "skipped": false
        },
        {
          "title": "\"before all\" hook in \"{root}\"",
          "fullTitle": "\"before all\" hook in \"{root}\"",
          "timedOut": false,
          "duration": 0,
          "state": null,
          "speed": null,
          "pass": false,
          "fail": false,
          "pending": false,
          "context": null,
          "code": "global.driver = driver;",
          "err": {},
          "uuid": "17f7e8f5-0262-4a91-a6d2-adadbda76217",
          "parentUUID": "42660cc5-b7ee-4ca3-844e-0042007ef7db",
          "isHook": true,
          "skipped": false
        }
      ],
      "afterHooks": [],
      "tests": [],
      "suites": [
        {
          "uuid": "f6ac01ff-03a1-45ec-8f9c-f18d359c854b",
          "title": "Search product",
          "fullFile": "/Users/tomatudorvladimir/Programming/selenium-test/selenium/01.SearchAndNavigation.search.test.js",
          "file": "/selenium/01.SearchAndNavigation.search.test.js",
          "beforeHooks": [
            {
              "title": "\"before all\" hook in \"Search product\"",
              "fullTitle": "Search product \"before all\" hook in \"Search product\"",
              "timedOut": false,
              "duration": 4696,
              "state": null,
              "speed": null,
              "pass": false,
              "fail": false,
              "pending": false,
              "context": null,
              "code": "await driver.manage().setTimeouts({ implicit: 2000 });\nawait driver.manage().window().setRect({ width: 1920, height: 1080 });\nawait driver.get(\"https://www.amazon.com/\");\ntry {\n  await driver.findElement(By.id(\"nav-hamburger-menu\")).isDisplayed();\n} catch {\n  await driver.navigate().refresh();\n}",
              "err": {},
              "uuid": "3cf41f7e-d9bd-4bb6-a1af-f7beff2fa83b",
              "parentUUID": "f6ac01ff-03a1-45ec-8f9c-f18d359c854b",
              "isHook": true,
              "skipped": false
            }
          ],
          "afterHooks": [
            {
              "title": "\"after all\" hook in \"Search product\"",
              "fullTitle": "Search product \"after all\" hook in \"Search product\"",
              "timedOut": false,
              "duration": 56,
              "state": null,
              "speed": null,
              "pass": false,
              "fail": false,
              "pending": false,
              "context": null,
              "code": "await driver.quit();",
              "err": {},
              "uuid": "62426ff7-0f25-4816-bbae-cbf0515f944b",
              "parentUUID": "f6ac01ff-03a1-45ec-8f9c-f18d359c854b",
              "isHook": true,
              "skipped": false
            }
          ],
          "tests": [
            {
              "title": "Should be able to see SearchBox and type 'laptop'",
              "fullTitle": "Search product Should be able to see SearchBox and type 'laptop'",
              "timedOut": false,
              "duration": 3252,
              "state": "passed",
              "speed": "medium",
              "pass": true,
              "fail": false,
              "pending": false,
              "context": null,
              "code": "const searchInput = await driver.findElement(By.id(\"twotabsearchtextbox\"));\nawait searchInput.sendKeys(\"laptop\");\nawait searchInput.sendKeys(\"\\n\");\nawait driver.sleep(1000);",
              "err": {},
              "uuid": "64cbc5e9-9ba0-4438-b46d-988e0fd94663",
              "parentUUID": "f6ac01ff-03a1-45ec-8f9c-f18d359c854b",
              "isHook": false,
              "skipped": false
            },
            {
              "title": "Should be able to see result section",
              "fullTitle": "Search product Should be able to see result section",
              "timedOut": false,
              "duration": 12,
              "state": "passed",
              "speed": "fast",
              "pass": true,
              "fail": false,
              "pending": false,
              "context": null,
              "code": "const searchResults = await driver.findElements(By.css(\".s-result-item\"));\nassert.isTrue(\n  searchResults.length > 0,\n  \"There is no results for searched term.\"\n);",
              "err": {},
              "uuid": "932f0bd5-9e73-453b-be85-78d1ac90015a",
              "parentUUID": "f6ac01ff-03a1-45ec-8f9c-f18d359c854b",
              "isHook": false,
              "skipped": false
            }
          ],
          "suites": [],
          "passes": [
            "64cbc5e9-9ba0-4438-b46d-988e0fd94663",
            "932f0bd5-9e73-453b-be85-78d1ac90015a"
          ],
          "failures": [],
          "pending": [],
          "skipped": [],
          "duration": 3264,
          "root": false,
          "rootEmpty": false,
          "_timeout": 25000
        },
        {
          "uuid": "e9be76a5-2bb1-4264-bc0e-3de88e81c541",
          "title": "Apply Filters to search",
          "fullFile": "/Users/tomatudorvladimir/Programming/selenium-test/selenium/02.SearchAndNavigation.filterAndSorting.test.js",
          "file": "/selenium/02.SearchAndNavigation.filterAndSorting.test.js",
          "beforeHooks": [
            {
              "title": "\"before all\" hook in \"Apply Filters to search\"",
              "fullTitle": "Apply Filters to search \"before all\" hook in \"Apply Filters to search\"",
              "timedOut": false,
              "duration": 4672,
              "state": null,
              "speed": null,
              "pass": false,
              "fail": false,
              "pending": false,
              "context": null,
              "code": "await driver.manage().setTimeouts({ implicit: 2000 });\nawait driver.manage().window().setRect({ width: 1920, height: 1080 });\nawait driver.get(\"https://www.amazon.com/\");\ntry {\n  await driver.findElement(By.id(\"nav-hamburger-menu\")).isDisplayed();\n} catch {\n  await driver.navigate().refresh();\n}",
              "err": {},
              "uuid": "2ad4c1e2-4abe-4499-a68b-c076d5354f53",
              "parentUUID": "e9be76a5-2bb1-4264-bc0e-3de88e81c541",
              "isHook": true,
              "skipped": false
            }
          ],
          "afterHooks": [
            {
              "title": "\"after all\" hook in \"Apply Filters to search\"",
              "fullTitle": "Apply Filters to search \"after all\" hook in \"Apply Filters to search\"",
              "timedOut": false,
              "duration": 56,
              "state": null,
              "speed": null,
              "pass": false,
              "fail": false,
              "pending": false,
              "context": null,
              "code": "await driver.quit();",
              "err": {},
              "uuid": "48065bc7-5709-40f2-92b9-db8d623f096d",
              "parentUUID": "e9be76a5-2bb1-4264-bc0e-3de88e81c541",
              "isHook": true,
              "skipped": false
            }
          ],
          "tests": [
            {
              "title": "Should be able to see SearchBox and type 'laptop'",
              "fullTitle": "Apply Filters to search Should be able to see SearchBox and type 'laptop'",
              "timedOut": false,
              "duration": 2879,
              "state": "passed",
              "speed": "fast",
              "pass": true,
              "fail": false,
              "pending": false,
              "context": null,
              "code": "const searchInput = await driver.findElement(By.id(\"twotabsearchtextbox\"));\nawait searchInput.sendKeys(\"laptop\");\nawait searchInput.sendKeys(\"\\n\");\nawait driver.sleep(1000);",
              "err": {},
              "uuid": "c8c8713e-e11e-4539-89cb-258111da3d7d",
              "parentUUID": "e9be76a5-2bb1-4264-bc0e-3de88e81c541",
              "isHook": false,
              "skipped": false
            },
            {
              "title": "Should be able to see result section",
              "fullTitle": "Apply Filters to search Should be able to see result section",
              "timedOut": false,
              "duration": 1018,
              "state": "passed",
              "speed": "fast",
              "pass": true,
              "fail": false,
              "pending": false,
              "context": null,
              "code": "const searchResults = await driver.findElements(By.css(\".s-result-item\"));\nassert.isTrue(\n  searchResults.length > 0,\n  \"There is no results for searched term.\"\n);\nawait driver.sleep(1000);",
              "err": {},
              "uuid": "9d357ae5-54a3-4649-b443-4ec98317c07e",
              "parentUUID": "e9be76a5-2bb1-4264-bc0e-3de88e81c541",
              "isHook": false,
              "skipped": false
            },
            {
              "title": "Should be able to select HP from filters",
              "fullTitle": "Apply Filters to search Should be able to select HP from filters",
              "timedOut": false,
              "duration": 3444,
              "state": "passed",
              "speed": "medium",
              "pass": true,
              "fail": false,
              "pending": false,
              "context": null,
              "code": "await driver\n  .findElement(By.xpath('//*[@id=\"p_89/HP\"]/span/a/span'))\n  .click();\nawait driver.sleep(1000);",
              "err": {},
              "uuid": "0f781e0d-b344-428f-84b1-79b8128e8cc6",
              "parentUUID": "e9be76a5-2bb1-4264-bc0e-3de88e81c541",
              "isHook": false,
              "skipped": false
            },
            {
              "title": "Should be able to select any price range",
              "fullTitle": "Apply Filters to search Should be able to select any price range",
              "timedOut": false,
              "duration": 2368,
              "state": "passed",
              "speed": "fast",
              "pass": true,
              "fail": false,
              "pending": false,
              "context": null,
              "code": "await driver\n  .findElement(By.xpath('//*[@id=\"p_36/1253507011\"]/span/a/span'))\n  .click();\nawait driver.sleep(1000);",
              "err": {},
              "uuid": "46b52e24-2722-48b2-a7f9-cd00657d6ee3",
              "parentUUID": "e9be76a5-2bb1-4264-bc0e-3de88e81c541",
              "isHook": false,
              "skipped": false
            },
            {
              "title": "Should be able to press on screen size",
              "fullTitle": "Apply Filters to search Should be able to press on screen size",
              "timedOut": false,
              "duration": 3357,
              "state": "passed",
              "speed": "medium",
              "pass": true,
              "fail": false,
              "pending": false,
              "context": null,
              "code": "await driver\n  .findElement(\n    By.xpath('//*[@id=\"p_n_size_browse-bin/2423841011\"]/span/a/span')\n  )\n  .click();\nawait driver.sleep(1000);",
              "err": {},
              "uuid": "f33ff25c-269c-4ab0-8c5c-c4fa85b41c98",
              "parentUUID": "e9be76a5-2bb1-4264-bc0e-3de88e81c541",
              "isHook": false,
              "skipped": false
            }
          ],
          "suites": [],
          "passes": [
            "c8c8713e-e11e-4539-89cb-258111da3d7d",
            "9d357ae5-54a3-4649-b443-4ec98317c07e",
            "0f781e0d-b344-428f-84b1-79b8128e8cc6",
            "46b52e24-2722-48b2-a7f9-cd00657d6ee3",
            "f33ff25c-269c-4ab0-8c5c-c4fa85b41c98"
          ],
          "failures": [],
          "pending": [],
          "skipped": [],
          "duration": 13066,
          "root": false,
          "rootEmpty": false,
          "_timeout": 25000
        },
        {
          "uuid": "ef31ec09-c739-4e92-9138-20ca2cafb216",
          "title": "Create Account",
          "fullFile": "/Users/tomatudorvladimir/Programming/selenium-test/selenium/03.AccountManagement.createAccount.test.js",
          "file": "/selenium/03.AccountManagement.createAccount.test.js",
          "beforeHooks": [
            {
              "title": "\"before all\" hook in \"Create Account\"",
              "fullTitle": "Create Account \"before all\" hook in \"Create Account\"",
              "timedOut": false,
              "duration": 4033,
              "state": null,
              "speed": null,
              "pass": false,
              "fail": false,
              "pending": false,
              "context": null,
              "code": "await driver.manage().setTimeouts({ implicit: 2000 });\nawait driver.manage().window().setRect({ width: 1920, height: 1080 });\nawait driver.get(\"https://www.amazon.com/\");\ntry {\n  await driver.findElement(By.id(\"nav-hamburger-menu\")).isDisplayed();\n} catch {\n  await driver.navigate().refresh();\n}",
              "err": {},
              "uuid": "d3e88fb3-1112-48ed-aab1-18072381e6a7",
              "parentUUID": "ef31ec09-c739-4e92-9138-20ca2cafb216",
              "isHook": true,
              "skipped": false
            }
          ],
          "afterHooks": [
            {
              "title": "\"after all\" hook in \"Create Account\"",
              "fullTitle": "Create Account \"after all\" hook in \"Create Account\"",
              "timedOut": false,
              "duration": 55,
              "state": null,
              "speed": null,
              "pass": false,
              "fail": false,
              "pending": false,
              "context": null,
              "code": "await driver.quit();",
              "err": {},
              "uuid": "22369fe0-4517-4eda-aba3-f0fad85a6ad0",
              "parentUUID": "ef31ec09-c739-4e92-9138-20ca2cafb216",
              "isHook": true,
              "skipped": false
            }
          ],
          "tests": [
            {
              "title": "Should be able to press on sign in",
              "fullTitle": "Create Account Should be able to press on sign in",
              "timedOut": false,
              "duration": 1997,
              "state": "passed",
              "speed": "fast",
              "pass": true,
              "fail": false,
              "pending": false,
              "context": null,
              "code": "await driver.findElement(By.id(\"nav-link-accountList\")).click();\nawait driver.sleep(1000);",
              "err": {},
              "uuid": "94c64b3e-f954-4cb7-a251-61d8ae1d47f5",
              "parentUUID": "ef31ec09-c739-4e92-9138-20ca2cafb216",
              "isHook": false,
              "skipped": false
            },
            {
              "title": "Should be able to press on create account",
              "fullTitle": "Create Account Should be able to press on create account",
              "timedOut": false,
              "duration": 1010,
              "state": "passed",
              "speed": "fast",
              "pass": true,
              "fail": false,
              "pending": false,
              "context": null,
              "code": "await driver.findElement(By.id(\"createAccountSubmit\")).click();\nawait driver.sleep();",
              "err": {},
              "uuid": "f94881e5-5ea1-4711-800a-9296da9e95f3",
              "parentUUID": "ef31ec09-c739-4e92-9138-20ca2cafb216",
              "isHook": false,
              "skipped": false
            },
            {
              "title": "Should be able to type name",
              "fullTitle": "Create Account Should be able to type name",
              "timedOut": false,
              "duration": 92,
              "state": "passed",
              "speed": "fast",
              "pass": true,
              "fail": false,
              "pending": false,
              "context": null,
              "code": "await driver.findElement(By.id(\"ap_customer_name\")).sendKeys(\"John Doe\");",
              "err": {},
              "uuid": "2c69d327-1548-47b5-b30d-7aa47e52e922",
              "parentUUID": "ef31ec09-c739-4e92-9138-20ca2cafb216",
              "isHook": false,
              "skipped": false
            },
            {
              "title": "Should be able to type email",
              "fullTitle": "Create Account Should be able to type email",
              "timedOut": false,
              "duration": 41,
              "state": "passed",
              "speed": "fast",
              "pass": true,
              "fail": false,
              "pending": false,
              "context": null,
              "code": "await driver\n  .findElement(By.id(\"ap_email\"))\n  .sendKeys(\"John.Doe@example.com\");",
              "err": {},
              "uuid": "5ae8b89b-1d00-4d01-b4a9-c8729caf6fb9",
              "parentUUID": "ef31ec09-c739-4e92-9138-20ca2cafb216",
              "isHook": false,
              "skipped": false
            },
            {
              "title": "Should be able to type password",
              "fullTitle": "Create Account Should be able to type password",
              "timedOut": false,
              "duration": 44,
              "state": "passed",
              "speed": "fast",
              "pass": true,
              "fail": false,
              "pending": false,
              "context": null,
              "code": "await driver.findElement(By.id(\"ap_password\")).sendKeys(\"JohnDoe@12\");",
              "err": {},
              "uuid": "68309f56-7c26-4ce7-b4b3-5254af393547",
              "parentUUID": "ef31ec09-c739-4e92-9138-20ca2cafb216",
              "isHook": false,
              "skipped": false
            },
            {
              "title": "Should be able to re-type password",
              "fullTitle": "Create Account Should be able to re-type password",
              "timedOut": false,
              "duration": 38,
              "state": "passed",
              "speed": "fast",
              "pass": true,
              "fail": false,
              "pending": false,
              "context": null,
              "code": "await driver.findElement(By.id(\"ap_password_check\")).sendKeys(\"JohnDoe@12\");",
              "err": {},
              "uuid": "5defd0d7-c906-4ae4-9203-392312c9260c",
              "parentUUID": "ef31ec09-c739-4e92-9138-20ca2cafb216",
              "isHook": false,
              "skipped": false
            },
            {
              "title": "Should be able to press on continue",
              "fullTitle": "Create Account Should be able to press on continue",
              "timedOut": false,
              "duration": 1025,
              "state": "passed",
              "speed": "fast",
              "pass": true,
              "fail": false,
              "pending": false,
              "context": null,
              "code": "await driver.findElement(By.id(\"continue\")).click();",
              "err": {},
              "uuid": "00f0333f-89fe-4312-abf1-681bbe241672",
              "parentUUID": "ef31ec09-c739-4e92-9138-20ca2cafb216",
              "isHook": false,
              "skipped": false
            },
            {
              "title": "Should be able to see already an account with this email.",
              "fullTitle": "Create Account Should be able to see already an account with this email.",
              "timedOut": false,
              "duration": 20,
              "state": "passed",
              "speed": "fast",
              "pass": true,
              "fail": false,
              "pending": false,
              "context": null,
              "code": "await driver\n  .findElement(By.xpath('//*[@id=\"register-mase-inlineerror\"]/div/div'))\n  .isDisplayed();",
              "err": {},
              "uuid": "f4b8ef43-fa3f-492f-a967-27b88a4c27dc",
              "parentUUID": "ef31ec09-c739-4e92-9138-20ca2cafb216",
              "isHook": false,
              "skipped": false
            }
          ],
          "suites": [],
          "passes": [
            "94c64b3e-f954-4cb7-a251-61d8ae1d47f5",
            "f94881e5-5ea1-4711-800a-9296da9e95f3",
            "2c69d327-1548-47b5-b30d-7aa47e52e922",
            "5ae8b89b-1d00-4d01-b4a9-c8729caf6fb9",
            "68309f56-7c26-4ce7-b4b3-5254af393547",
            "5defd0d7-c906-4ae4-9203-392312c9260c",
            "00f0333f-89fe-4312-abf1-681bbe241672",
            "f4b8ef43-fa3f-492f-a967-27b88a4c27dc"
          ],
          "failures": [],
          "pending": [],
          "skipped": [],
          "duration": 4267,
          "root": false,
          "rootEmpty": false,
          "_timeout": 25000
        },
        {
          "uuid": "371ae541-97c7-4373-a4e3-36eeadcf0e06",
          "title": "Sign In",
          "fullFile": "/Users/tomatudorvladimir/Programming/selenium-test/selenium/04.AccountManagement.signIn.test.js",
          "file": "/selenium/04.AccountManagement.signIn.test.js",
          "beforeHooks": [
            {
              "title": "\"before all\" hook in \"Sign In\"",
              "fullTitle": "Sign In \"before all\" hook in \"Sign In\"",
              "timedOut": false,
              "duration": 5065,
              "state": null,
              "speed": null,
              "pass": false,
              "fail": false,
              "pending": false,
              "context": null,
              "code": "await driver.manage().setTimeouts({ implicit: 2000 });\nawait driver.manage().window().setRect({ width: 1920, height: 1080 });\nawait driver.get(\"https://www.amazon.com/\");\ntry {\n  await driver.findElement(By.id(\"nav-hamburger-menu\")).isDisplayed();\n} catch {\n  await driver.navigate().refresh();\n}",
              "err": {},
              "uuid": "e9428e9e-7b9a-4206-8a5b-1e4d658519f4",
              "parentUUID": "371ae541-97c7-4373-a4e3-36eeadcf0e06",
              "isHook": true,
              "skipped": false
            }
          ],
          "afterHooks": [
            {
              "title": "\"after all\" hook in \"Sign In\"",
              "fullTitle": "Sign In \"after all\" hook in \"Sign In\"",
              "timedOut": false,
              "duration": 53,
              "state": null,
              "speed": null,
              "pass": false,
              "fail": false,
              "pending": false,
              "context": null,
              "code": "await driver.quit();",
              "err": {},
              "uuid": "7b5e49b6-542d-4758-9e41-abe5477be811",
              "parentUUID": "371ae541-97c7-4373-a4e3-36eeadcf0e06",
              "isHook": true,
              "skipped": false
            }
          ],
          "tests": [
            {
              "title": "Should be able to press on sign in",
              "fullTitle": "Sign In Should be able to press on sign in",
              "timedOut": false,
              "duration": 1995,
              "state": "passed",
              "speed": "fast",
              "pass": true,
              "fail": false,
              "pending": false,
              "context": null,
              "code": "await driver.findElement(By.id(\"nav-link-accountList\")).click();\nawait driver.sleep(1000);",
              "err": {},
              "uuid": "1878049f-7b59-4685-9135-de5bb388fe58",
              "parentUUID": "371ae541-97c7-4373-a4e3-36eeadcf0e06",
              "isHook": false,
              "skipped": false
            },
            {
              "title": "Should be able to type email",
              "fullTitle": "Sign In Should be able to type email",
              "timedOut": false,
              "duration": 111,
              "state": "passed",
              "speed": "fast",
              "pass": true,
              "fail": false,
              "pending": false,
              "context": null,
              "code": "await driver\n  .findElement(By.id(\"ap_email\"))\n  .sendKeys(\"John.Doe@example.com\");",
              "err": {},
              "uuid": "0e522f58-2f08-42fb-bf1c-37c6d7101d14",
              "parentUUID": "371ae541-97c7-4373-a4e3-36eeadcf0e06",
              "isHook": false,
              "skipped": false
            },
            {
              "title": "Should be able to click continue",
              "fullTitle": "Sign In Should be able to click continue",
              "timedOut": false,
              "duration": 6,
              "state": "passed",
              "speed": "fast",
              "pass": true,
              "fail": false,
              "pending": false,
              "context": null,
              "code": "await driver.findElement(By.id(\"continue\"));",
              "err": {},
              "uuid": "0d2620e0-351b-436b-8da1-5c1fdc164520",
              "parentUUID": "371ae541-97c7-4373-a4e3-36eeadcf0e06",
              "isHook": false,
              "skipped": false
            }
          ],
          "suites": [],
          "passes": [
            "1878049f-7b59-4685-9135-de5bb388fe58",
            "0e522f58-2f08-42fb-bf1c-37c6d7101d14",
            "0d2620e0-351b-436b-8da1-5c1fdc164520"
          ],
          "failures": [],
          "pending": [],
          "skipped": [],
          "duration": 2112,
          "root": false,
          "rootEmpty": false,
          "_timeout": 25000
        },
        {
          "uuid": "aaba19a9-e4fa-40cf-87c3-6453d4558d2d",
          "title": "Shopping Cart",
          "fullFile": "/Users/tomatudorvladimir/Programming/selenium-test/selenium/05.ShoppingCart.test.js",
          "file": "/selenium/05.ShoppingCart.test.js",
          "beforeHooks": [
            {
              "title": "\"before all\" hook in \"Shopping Cart\"",
              "fullTitle": "Shopping Cart \"before all\" hook in \"Shopping Cart\"",
              "timedOut": false,
              "duration": 4414,
              "state": null,
              "speed": null,
              "pass": false,
              "fail": false,
              "pending": false,
              "context": null,
              "code": "await driver.manage().setTimeouts({ implicit: 2000 });\nawait driver.manage().window().setRect({ width: 1920, height: 1080 });\nawait driver.get(\"https://www.amazon.com/\");\ntry {\n  await driver.findElement(By.id(\"nav-hamburger-menu\")).isDisplayed();\n} catch {\n  await driver.navigate().refresh();\n}",
              "err": {},
              "uuid": "a0eb698d-51fa-40a4-ab8a-781060d8c6b6",
              "parentUUID": "aaba19a9-e4fa-40cf-87c3-6453d4558d2d",
              "isHook": true,
              "skipped": false
            }
          ],
          "afterHooks": [
            {
              "title": "\"after all\" hook in \"Shopping Cart\"",
              "fullTitle": "Shopping Cart \"after all\" hook in \"Shopping Cart\"",
              "timedOut": false,
              "duration": 51,
              "state": null,
              "speed": null,
              "pass": false,
              "fail": false,
              "pending": false,
              "context": null,
              "code": "await driver.quit();",
              "err": {},
              "uuid": "7cb7b8d0-eccf-4981-b7e8-a972f2440019",
              "parentUUID": "aaba19a9-e4fa-40cf-87c3-6453d4558d2d",
              "isHook": true,
              "skipped": false
            }
          ],
          "tests": [
            {
              "title": "Should be able to add product to cart",
              "fullTitle": "Shopping Cart Should be able to add product to cart",
              "timedOut": false,
              "duration": 4976,
              "state": "failed",
              "speed": null,
              "pass": false,
              "fail": true,
              "pending": false,
              "context": null,
              "code": "await driver.findElement(By.id(\"add-to-cart-button\")).click();",
              "err": {
                "message": "NoSuchElementError: no such element: Unable to locate element: {\"method\":\"css selector\",\"selector\":\"*[id=\"add-to-cart-button\"]\"}\n  (Session info: chrome=118.0.5993.70)",
                "estack": "NoSuchElementError: no such element: Unable to locate element: {\"method\":\"css selector\",\"selector\":\"*[id=\"add-to-cart-button\"]\"}\n  (Session info: chrome=118.0.5993.70)\n    at Object.throwDecodedError (node_modules/selenium-webdriver/lib/error.js:524:15)\n    at parseHttpResponse (node_modules/selenium-webdriver/lib/http.js:601:13)\n    at Executor.execute (node_modules/selenium-webdriver/lib/http.js:529:28)\n    at processTicksAndRejections (node:internal/process/task_queues:96:5)\n    at async Driver.execute (node_modules/selenium-webdriver/lib/webdriver.js:745:17)\n    at async toWireValue (node_modules/selenium-webdriver/lib/webdriver.js:145:15)\n    at async /Users/tomatudorvladimir/Programming/selenium-test/node_modules/selenium-webdriver/lib/webdriver.js:195:16\n    at async forEachKey (node_modules/selenium-webdriver/lib/webdriver.js:189:9)\n    at async convertKeys (node_modules/selenium-webdriver/lib/webdriver.js:194:3)\n    at async Driver.execute (node_modules/selenium-webdriver/lib/webdriver.js:743:22)\n    at async Context.<anonymous> (file:///Users/tomatudorvladimir/Programming/selenium-test/selenium/05.ShoppingCart.test.js:27:5)",
                "diff": null
              },
              "uuid": "9f77dfe1-0503-45c7-97ec-9ca733d50309",
              "parentUUID": "aaba19a9-e4fa-40cf-87c3-6453d4558d2d",
              "isHook": false,
              "skipped": false
            },
            {
              "title": "Should be able to open cart",
              "fullTitle": "Shopping Cart Should be able to open cart",
              "timedOut": false,
              "duration": 3290,
              "state": "failed",
              "speed": null,
              "pass": false,
              "fail": true,
              "pending": false,
              "context": null,
              "code": "await driver.sleep(500);\nawait driver.findElement(By.id(\"nav-cart-count\")).click();\nconst divElements = await driver.findElements(By.css(\"div[data-itemid]\"));\nconst dataItemId = await divElements[0].getAttribute(\"data-itemid\");\nawait driver.findElement(By.name(`submit.delete.${dataItemId}`)).click();",
              "err": {
                "message": "TypeError: Cannot read properties of undefined (reading 'getAttribute')",
                "estack": "TypeError: Cannot read properties of undefined (reading 'getAttribute')\n    at Context.<anonymous> (file:///Users/tomatudorvladimir/Programming/selenium-test/selenium/05.ShoppingCart.test.js:33:45)\n    at processTicksAndRejections (node:internal/process/task_queues:96:5)",
                "diff": null
              },
              "uuid": "c429af53-321a-4e99-99cd-6f69b416144b",
              "parentUUID": "aaba19a9-e4fa-40cf-87c3-6453d4558d2d",
              "isHook": false,
              "skipped": false
            },
            {
              "title": "Should be able to add multiple products to cart",
              "fullTitle": "Shopping Cart Should be able to add multiple products to cart",
              "timedOut": false,
              "duration": 14420,
              "state": "passed",
              "speed": "slow",
              "pass": true,
              "fail": false,
              "pending": false,
              "context": null,
              "code": "await driver.get(\n  \"https://www.amazon.com/Keychron-Wireless-Bluetooth-Mechanical-Keyboard/dp/B07Y9Y69N7/ref=sr_1_3?crid=1TY0NSD0X7C90&keywords=keychron&qid=1696332759&sprefix=keychron%2Caps%2C194&sr=8-3&th=1\"\n);\nawait driver.findElement(By.id(\"add-to-cart-button\")).click();\nawait driver.get(\n  \"https://www.amazon.com/Keychron-Wireless-Mechanical-Hot-Swappable-Programmable/dp/B0BHVKJF7R/ref=sr_1_4?crid=1TY0NSD0X7C90&keywords=keychron&qid=1696332759&sprefix=keychron%2Caps%2C194&sr=8-4\"\n);\nawait driver.findElement(By.id(\"add-to-cart-button\")).click();\nawait driver.get(\n  \"https://www.amazon.com/Keychron-Gasket-Keyboard-Mechanical-Windows/dp/B0CBWJ9SKX/ref=sr_1_5?crid=1TY0NSD0X7C90&keywords=keychron&qid=1696332759&sprefix=keychron%2Caps%2C194&sr=8-5&th=1\"\n);\nawait driver.findElement(By.id(\"add-to-cart-button\")).click();",
              "err": {},
              "uuid": "bc2b74d6-7666-44b5-a907-8228e74da1f3",
              "parentUUID": "aaba19a9-e4fa-40cf-87c3-6453d4558d2d",
              "isHook": false,
              "skipped": false
            },
            {
              "title": "Cart should contain 3 products",
              "fullTitle": "Shopping Cart Cart should contain 3 products",
              "timedOut": false,
              "duration": 747,
              "state": "failed",
              "speed": null,
              "pass": false,
              "fail": true,
              "pending": false,
              "context": null,
              "code": "await driver.findElement(By.id(\"nav-cart-count\")).click();\nconst productCount = await driver.executeScript(\n  'return document.getElementsByClassName(\"sc-product-title\").length'\n);\nassert.strictEqual(productCount, 4, \"Expected 3 products in the cart\");",
              "err": {
                "message": "AssertionError: Expected 3 products in the cart: expected 3 to equal 4",
                "estack": "AssertionError: Expected 3 products in the cart: expected 3 to equal 4\n    at Context.<anonymous> (file:///Users/tomatudorvladimir/Programming/selenium-test/selenium/05.ShoppingCart.test.js:55:12)\n    at processTicksAndRejections (node:internal/process/task_queues:96:5)",
                "diff": "- 3\n+ 4\n"
              },
              "uuid": "3663cf50-6e1b-45cd-9740-3e8427adcea1",
              "parentUUID": "aaba19a9-e4fa-40cf-87c3-6453d4558d2d",
              "isHook": false,
              "skipped": false
            }
          ],
          "suites": [],
          "passes": [
            "bc2b74d6-7666-44b5-a907-8228e74da1f3"
          ],
          "failures": [
            "9f77dfe1-0503-45c7-97ec-9ca733d50309",
            "c429af53-321a-4e99-99cd-6f69b416144b",
            "3663cf50-6e1b-45cd-9740-3e8427adcea1"
          ],
          "pending": [],
          "skipped": [],
          "duration": 23433,
          "root": false,
          "rootEmpty": false,
          "_timeout": 25000
        },
        {
          "uuid": "cbce3537-6844-44ad-867e-001aeb88db84",
          "title": "Order process",
          "fullFile": "/Users/tomatudorvladimir/Programming/selenium-test/selenium/06.OrderProcess.test.js",
          "file": "/selenium/06.OrderProcess.test.js",
          "beforeHooks": [
            {
              "title": "\"before all\" hook in \"Order process\"",
              "fullTitle": "Order process \"before all\" hook in \"Order process\"",
              "timedOut": false,
              "duration": 6612,
              "state": null,
              "speed": null,
              "pass": false,
              "fail": false,
              "pending": false,
              "context": null,
              "code": "await driver.manage().setTimeouts({ implicit: 2000 });\nawait driver.manage().window().setRect({ width: 1920, height: 1080 });\nawait driver.get(\n  \"https://www.amazon.com/Keychron-Wireless-Bluetooth-Mechanical-Keyboard/dp/B07Y9Y69N7/ref=sr_1_3?crid=53IJD81OCJK3&keywords=keychron&qid=1696338116&sprefix=keychron%2Caps%2C231&sr=8-3\"\n);\ntry {\n  await driver.findElement(By.id(\"nav-hamburger-menu\")).isDisplayed();\n} catch {\n  await driver.navigate().refresh();\n}",
              "err": {},
              "uuid": "c2be3c85-22c6-47c0-b52c-7235a018c899",
              "parentUUID": "cbce3537-6844-44ad-867e-001aeb88db84",
              "isHook": true,
              "skipped": false
            }
          ],
          "afterHooks": [
            {
              "title": "\"after all\" hook in \"Order process\"",
              "fullTitle": "Order process \"after all\" hook in \"Order process\"",
              "timedOut": false,
              "duration": 52,
              "state": null,
              "speed": null,
              "pass": false,
              "fail": false,
              "pending": false,
              "context": null,
              "code": "await driver.quit();",
              "err": {},
              "uuid": "f65ed042-f479-418d-8938-51b70a791a75",
              "parentUUID": "cbce3537-6844-44ad-867e-001aeb88db84",
              "isHook": true,
              "skipped": false
            }
          ],
          "tests": [
            {
              "title": "Should be able to add item to cart",
              "fullTitle": "Order process Should be able to add item to cart",
              "timedOut": false,
              "duration": 1344,
              "state": "passed",
              "speed": "fast",
              "pass": true,
              "fail": false,
              "pending": false,
              "context": null,
              "code": "const addButton = driver.findElement(By.id(\"add-to-cart-button\"));\nawait addButton.click();",
              "err": {},
              "uuid": "7c0b0ca1-7f35-4c3e-9b6e-66506870d067",
              "parentUUID": "cbce3537-6844-44ad-867e-001aeb88db84",
              "isHook": false,
              "skipped": false
            },
            {
              "title": "Should be able to press on checkout button",
              "fullTitle": "Order process Should be able to press on checkout button",
              "timedOut": false,
              "duration": 1359,
              "state": "passed",
              "speed": "fast",
              "pass": true,
              "fail": false,
              "pending": false,
              "context": null,
              "code": "const checkOutB = await driver.findElement(\n  By.name(\"proceedToRetailCheckout\")\n);\nawait checkOutB.click();",
              "err": {},
              "uuid": "578f5cb9-b64e-4475-9f10-8129dde3b0e0",
              "parentUUID": "cbce3537-6844-44ad-867e-001aeb88db84",
              "isHook": false,
              "skipped": false
            },
            {
              "title": "Should be able to type email",
              "fullTitle": "Order process Should be able to type email",
              "timedOut": false,
              "duration": 147,
              "state": "passed",
              "speed": "fast",
              "pass": true,
              "fail": false,
              "pending": false,
              "context": null,
              "code": "const emailInput = await driver.findElement(By.id(\"ap_email\"));\nawait emailInput.sendKeys(\"John.Doe@example.com\");",
              "err": {},
              "uuid": "8f74af5b-c213-4bbb-8e29-856243996164",
              "parentUUID": "cbce3537-6844-44ad-867e-001aeb88db84",
              "isHook": false,
              "skipped": false
            },
            {
              "title": "Should be able to tap on continue",
              "fullTitle": "Order process Should be able to tap on continue",
              "timedOut": false,
              "duration": 717,
              "state": "passed",
              "speed": "fast",
              "pass": true,
              "fail": false,
              "pending": false,
              "context": null,
              "code": "const continueB = await driver.findElement(By.id(\"continue\"));\nawait continueB.click();",
              "err": {},
              "uuid": "d43f39ec-ffa8-4f4a-931e-d0d9b97a2a33",
              "parentUUID": "cbce3537-6844-44ad-867e-001aeb88db84",
              "isHook": false,
              "skipped": false
            }
          ],
          "suites": [],
          "passes": [
            "7c0b0ca1-7f35-4c3e-9b6e-66506870d067",
            "578f5cb9-b64e-4475-9f10-8129dde3b0e0",
            "8f74af5b-c213-4bbb-8e29-856243996164",
            "d43f39ec-ffa8-4f4a-931e-d0d9b97a2a33"
          ],
          "failures": [],
          "pending": [],
          "skipped": [],
          "duration": 3567,
          "root": false,
          "rootEmpty": false,
          "_timeout": 25000
        },
        {
          "uuid": "0fd786d5-53f9-49d2-946f-f586c88a20ed",
          "title": "Reviews",
          "fullFile": "/Users/tomatudorvladimir/Programming/selenium-test/selenium/07.Review.test.js",
          "file": "/selenium/07.Review.test.js",
          "beforeHooks": [
            {
              "title": "\"before all\" hook in \"Reviews\"",
              "fullTitle": "Reviews \"before all\" hook in \"Reviews\"",
              "timedOut": false,
              "duration": 6427,
              "state": null,
              "speed": null,
              "pass": false,
              "fail": false,
              "pending": false,
              "context": null,
              "code": "await driver.manage().setTimeouts({ implicit: 2000 });\nawait driver.manage().window().setRect({ width: 1920, height: 1080 });\nawait driver.get(\n  \"https://www.amazon.com/Keychron-Wireless-Bluetooth-Mechanical-Keyboard/dp/B07Y9Y69N7/ref=sr_1_3?crid=3VE26ZVBWYURZ&keywords=keychron&qid=1696339413&sprefix=keycron%2Caps%2C231&sr=8-3&th=1\"\n);\ntry {\n  await driver.findElement(By.id(\"nav-hamburger-menu\")).isDisplayed();\n} catch {\n  await driver.navigate().refresh();\n}",
              "err": {},
              "uuid": "ce233c7d-591d-4f73-9db7-b6303e42cbc0",
              "parentUUID": "0fd786d5-53f9-49d2-946f-f586c88a20ed",
              "isHook": true,
              "skipped": false
            }
          ],
          "afterHooks": [
            {
              "title": "\"after all\" hook in \"Reviews\"",
              "fullTitle": "Reviews \"after all\" hook in \"Reviews\"",
              "timedOut": false,
              "duration": 55,
              "state": null,
              "speed": null,
              "pass": false,
              "fail": false,
              "pending": false,
              "context": null,
              "code": "await driver.quit();",
              "err": {},
              "uuid": "81188536-ccf0-4dbe-bb21-0861cbd450e9",
              "parentUUID": "0fd786d5-53f9-49d2-946f-f586c88a20ed",
              "isHook": true,
              "skipped": false
            }
          ],
          "tests": [
            {
              "title": "Should be able to see reviews cards",
              "fullTitle": "Reviews Should be able to see reviews cards",
              "timedOut": false,
              "duration": 195,
              "state": "passed",
              "speed": "fast",
              "pass": true,
              "fail": false,
              "pending": false,
              "context": null,
              "code": "const elements = await driver.findElements(\n  By.css('div[data-hook=\"review\"]')\n);\nfor (const element of elements) {\n  const elementId = await element.getAttribute(\"id\");\n  const review = await driver.findElement(\n    By.id(`${elementId}-review-card`)\n  );\n  await review.isDisplayed();\n}",
              "err": {},
              "uuid": "732845da-c11d-4d48-9a0a-2884af4f360a",
              "parentUUID": "0fd786d5-53f9-49d2-946f-f586c88a20ed",
              "isHook": false,
              "skipped": false
            }
          ],
          "suites": [],
          "passes": [
            "732845da-c11d-4d48-9a0a-2884af4f360a"
          ],
          "failures": [],
          "pending": [],
          "skipped": [],
          "duration": 195,
          "root": false,
          "rootEmpty": false,
          "_timeout": 25000
        }
      ],
      "passes": [],
      "failures": [],
      "pending": [],
      "skipped": [],
      "duration": 0,
      "root": true,
      "rootEmpty": true,
      "_timeout": 25000
    }
  ],
  "meta": {
    "mocha": {
      "version": "10.2.0"
    },
    "mochawesome": {
      "options": {
        "quiet": false,
        "reportFilename": "mochawesome",
        "saveHtml": true,
        "saveJson": true,
        "consoleReporter": "spec",
        "useInlineDiffs": false,
        "code": true
      },
      "version": "7.1.3"
    },
    "marge": {
      "options": {
        "[object Object]": true
      },
      "version": "6.2.0"
    }
  }
}